0 info it worked if it ends with ok
1 verbose cli [ '/Users/simonemulas/.nvm/versions/node/v6.4.0/bin/node',
1 verbose cli   '/Users/simonemulas/.nvm/versions/node/v6.4.0/bin/npm',
1 verbose cli   'run',
1 verbose cli   'build' ]
2 info using npm@3.10.3
3 info using node@v6.4.0
4 verbose run-script [ 'prebuild', 'build', 'postbuild' ]
5 info lifecycle tsapp-scripts@0.1.3~prebuild: tsapp-scripts@0.1.3
6 silly lifecycle tsapp-scripts@0.1.3~prebuild: no script for prebuild, continuing
7 info lifecycle tsapp-scripts@0.1.3~build: tsapp-scripts@0.1.3
8 verbose lifecycle tsapp-scripts@0.1.3~build: unsafe-perm in lifecycle true
9 verbose lifecycle tsapp-scripts@0.1.3~build: PATH: /Users/simonemulas/.nvm/versions/node/v6.4.0/lib/node_modules/npm/bin/node-gyp-bin:/Users/simonemulas/Code/create-ts-app/node_modules/.bin:/Users/simonemulas/.nvm/versions/node/v6.4.0/bin:/Users/simonemulas/.nvm/versions/node/v6.4.0/bin:/Library/Frameworks/Python.framework/Versions/2.7/bin:/usr/local/bin:/usr/bin:/bin:/usr/sbin:/sbin
10 verbose lifecycle tsapp-scripts@0.1.3~build: CWD: /Users/simonemulas/Code/create-ts-app
11 silly lifecycle tsapp-scripts@0.1.3~build: Args: [ '-c', 'node scripts/build.js --debug-template' ]
12 silly lifecycle tsapp-scripts@0.1.3~build: Returned: code: 1  signal: null
13 info lifecycle tsapp-scripts@0.1.3~build: Failed to exec build script
14 verbose stack Error: tsapp-scripts@0.1.3 build: `node scripts/build.js --debug-template`
14 verbose stack Exit status 1
14 verbose stack     at EventEmitter.<anonymous> (/Users/simonemulas/.nvm/versions/node/v6.4.0/lib/node_modules/npm/lib/utils/lifecycle.js:242:16)
14 verbose stack     at emitTwo (events.js:106:13)
14 verbose stack     at EventEmitter.emit (events.js:191:7)
14 verbose stack     at ChildProcess.<anonymous> (/Users/simonemulas/.nvm/versions/node/v6.4.0/lib/node_modules/npm/lib/utils/spawn.js:40:14)
14 verbose stack     at emitTwo (events.js:106:13)
14 verbose stack     at ChildProcess.emit (events.js:191:7)
14 verbose stack     at maybeClose (internal/child_process.js:852:16)
14 verbose stack     at Process.ChildProcess._handle.onexit (internal/child_process.js:215:5)
15 verbose pkgid tsapp-scripts@0.1.3
16 verbose cwd /Users/simonemulas/Code/create-ts-app
17 error Darwin 15.6.0
18 error argv "/Users/simonemulas/.nvm/versions/node/v6.4.0/bin/node" "/Users/simonemulas/.nvm/versions/node/v6.4.0/bin/npm" "run" "build"
19 error node v6.4.0
20 error npm  v3.10.3
21 error code ELIFECYCLE
22 error tsapp-scripts@0.1.3 build: `node scripts/build.js --debug-template`
22 error Exit status 1
23 error Failed at the tsapp-scripts@0.1.3 build script 'node scripts/build.js --debug-template'.
23 error Make sure you have the latest version of node.js and npm installed.
23 error If you do, this is most likely a problem with the tsapp-scripts package,
23 error not with npm itself.
23 error Tell the author that this fails on your system:
23 error     node scripts/build.js --debug-template
23 error You can get information on how to open an issue for this project with:
23 error     npm bugs tsapp-scripts
23 error Or if that isn't available, you can get their info via:
23 error     npm owner ls tsapp-scripts
23 error There is likely additional logging output above.
24 verbose exit [ 1, true ]
